<?xml version="1.0" encoding="UTF-8"?>
<!-- Generated by org.testng.reporters.JUnitXMLReporter -->
<testsuite hostname="LAPTOP-BOR1LR3M" name="Test" tests="4" failures="0" timestamp="19 Feb 2021 16:58:12 GMT" time="43.268" errors="0">
  <testcase name="basePageNavigation" time="10.151" classname="Academy.UdemyE2E.HomePage"/>
  <testcase name="basePageNavigation" time="6.955" classname="Academy.UdemyE2E.HomePage"/>
  <testcase name="basePageNavigation" time="0.111" classname="Academy.UdemyE2E.ValidateTitle"/>
  <testcase name="basePageNavigation" time="0.152" classname="Academy.UdemyE2E.ValidateNavigationBar"/>
</testsuite> <!-- Test -->
