<?xml version="1.0" encoding="UTF-8"?>
<!-- Generated by org.testng.reporters.JUnitXMLReporter -->
<testsuite hostname="LAPTOP-BOR1LR3M" name="Test" tests="4" failures="0" timestamp="19 Feb 2021 17:44:12 GMT" time="47.758" errors="0">
  <testcase name="basePageNavigation" time="13.335" classname="Academy.UdemyE2E.HomePage"/>
  <testcase name="basePageNavigation" time="8.537" classname="Academy.UdemyE2E.HomePage"/>
  <testcase name="basePageNavigation" time="0.111" classname="Academy.UdemyE2E.ValidateTitle"/>
  <testcase name="basePageNavigation" time="0.125" classname="Academy.UdemyE2E.ValidateNavigationBar"/>
</testsuite> <!-- Test -->
