<?xml version="1.0" encoding="UTF-8"?>
<testng-results skipped="0" failed="1" total="4" passed="3">
  <reporter-output>
  </reporter-output>
  <suite name="Suite" duration-ms="21201" started-at="2021-02-21T17:26:09Z" finished-at="2021-02-21T17:26:30Z">
    <groups>
    </groups>
    <test name="validating Navigation Bar" duration-ms="11246" started-at="2021-02-21T17:26:09Z" finished-at="2021-02-21T17:26:20Z">
      <class name="Academy.UdemyE2E.ValidateNavigationBar">
        <test-method status="PASS" signature="Navigation()[pri:0, instance:Academy.UdemyE2E.ValidateNavigationBar@65d09a04]" name="Navigation" is-config="true" duration-ms="10640" started-at="2021-02-21T22:56:09Z" finished-at="2021-02-21T22:56:19Z">
          <reporter-output>
          </reporter-output>
        </test-method> <!-- Navigation -->
        <test-method status="PASS" signature="basePageNavigation()[pri:0, instance:Academy.UdemyE2E.ValidateNavigationBar@65d09a04]" name="basePageNavigation" duration-ms="164" started-at="2021-02-21T22:56:19Z" finished-at="2021-02-21T22:56:19Z">
          <reporter-output>
          </reporter-output>
        </test-method> <!-- basePageNavigation -->
        <test-method status="PASS" signature="teardown()[pri:0, instance:Academy.UdemyE2E.ValidateNavigationBar@65d09a04]" name="teardown" is-config="true" duration-ms="420" started-at="2021-02-21T22:56:19Z" finished-at="2021-02-21T22:56:20Z">
          <reporter-output>
          </reporter-output>
        </test-method> <!-- teardown -->
      </class> <!-- Academy.UdemyE2E.ValidateNavigationBar -->
    </test> <!-- validating Navigation Bar -->
    <test name="Validating title in the page" duration-ms="12245" started-at="2021-02-21T17:26:09Z" finished-at="2021-02-21T17:26:21Z">
      <class name="Academy.UdemyE2E.ValidateTitle">
        <test-method status="PASS" signature="Navigation()[pri:0, instance:Academy.UdemyE2E.ValidateTitle@4e50c791]" name="Navigation" is-config="true" duration-ms="11075" started-at="2021-02-21T22:56:09Z" finished-at="2021-02-21T22:56:20Z">
          <reporter-output>
          </reporter-output>
        </test-method> <!-- Navigation -->
        <test-method status="FAIL" signature="basePageNavigation()[pri:0, instance:Academy.UdemyE2E.ValidateTitle@4e50c791]" name="basePageNavigation" duration-ms="171" started-at="2021-02-21T22:56:20Z" finished-at="2021-02-21T22:56:20Z">
          <exception class="junit.framework.ComparisonFailure">
            <message>
              <![CDATA[expected:<...> but was:<...123>]]>
            </message>
            <full-stacktrace>
              <![CDATA[junit.framework.ComparisonFailure: expected:<...> but was:<...123>
	at junit.framework.Assert.assertEquals(Assert.java:81)
	at junit.framework.Assert.assertEquals(Assert.java:87)
	at Academy.UdemyE2E.ValidateTitle.basePageNavigation(ValidateTitle.java:36)
	at sun.reflect.NativeMethodAccessorImpl.invoke0(Native Method)
	at sun.reflect.NativeMethodAccessorImpl.invoke(NativeMethodAccessorImpl.java:62)
	at sun.reflect.DelegatingMethodAccessorImpl.invoke(DelegatingMethodAccessorImpl.java:43)
	at java.lang.reflect.Method.invoke(Method.java:498)
	at org.testng.internal.MethodInvocationHelper.invokeMethod(MethodInvocationHelper.java:80)
	at org.testng.internal.Invoker.invokeMethod(Invoker.java:714)
	at org.testng.internal.Invoker.invokeTestMethod(Invoker.java:901)
	at org.testng.internal.Invoker.invokeTestMethods(Invoker.java:1231)
	at org.testng.internal.TestMethodWorker.invokeTestMethods(TestMethodWorker.java:127)
	at org.testng.internal.TestMethodWorker.run(TestMethodWorker.java:111)
	at org.testng.TestRunner.privateRun(TestRunner.java:767)
	at org.testng.TestRunner.run(TestRunner.java:617)
	at org.testng.SuiteRunner.runTest(SuiteRunner.java:334)
	at org.testng.SuiteRunner.access$000(SuiteRunner.java:37)
	at org.testng.SuiteRunner$SuiteWorker.run(SuiteRunner.java:368)
	at org.testng.internal.thread.ThreadUtil$2.call(ThreadUtil.java:64)
	at java.util.concurrent.FutureTask.run(FutureTask.java:266)
	at java.util.concurrent.ThreadPoolExecutor.runWorker(ThreadPoolExecutor.java:1149)
	at java.util.concurrent.ThreadPoolExecutor$Worker.run(ThreadPoolExecutor.java:624)
	at java.lang.Thread.run(Thread.java:748)
]]>
            </full-stacktrace>
          </exception> <!-- junit.framework.ComparisonFailure -->
          <reporter-output>
          </reporter-output>
        </test-method> <!-- basePageNavigation -->
        <test-method status="PASS" signature="teardown()[pri:0, instance:Academy.UdemyE2E.ValidateTitle@4e50c791]" name="teardown" is-config="true" duration-ms="432" started-at="2021-02-21T22:56:20Z" finished-at="2021-02-21T22:56:21Z">
          <reporter-output>
          </reporter-output>
        </test-method> <!-- teardown -->
      </class> <!-- Academy.UdemyE2E.ValidateTitle -->
    </test> <!-- Validating title in the page -->
    <test name="HomePage" duration-ms="21201" started-at="2021-02-21T17:26:09Z" finished-at="2021-02-21T17:26:30Z">
      <class name="Academy.UdemyE2E.HomePage">
        <test-method status="PASS" signature="Navigation()[pri:0, instance:Academy.UdemyE2E.HomePage@77f1baf5]" name="Navigation" is-config="true" duration-ms="7237" started-at="2021-02-21T22:56:09Z" finished-at="2021-02-21T22:56:16Z">
          <reporter-output>
          </reporter-output>
        </test-method> <!-- Navigation -->
        <test-method status="PASS" signature="basePageNavigation(java.lang.String, java.lang.String)[pri:0, instance:Academy.UdemyE2E.HomePage@77f1baf5]" name="basePageNavigation" duration-ms="9196" started-at="2021-02-21T22:56:16Z" data-provider="getData" finished-at="2021-02-21T22:56:25Z">
          <params>
            <param index="0">
              <value>
                <![CDATA[nonrestricteduser@qw.com]]>
              </value>
            </param>
            <param index="1">
              <value>
                <![CDATA[123456]]>
              </value>
            </param>
          </params>
          <reporter-output>
          </reporter-output>
        </test-method> <!-- basePageNavigation -->
        <test-method status="PASS" signature="basePageNavigation(java.lang.String, java.lang.String)[pri:0, instance:Academy.UdemyE2E.HomePage@77f1baf5]" name="basePageNavigation" duration-ms="4665" started-at="2021-02-21T22:56:25Z" data-provider="getData" finished-at="2021-02-21T22:56:30Z">
          <params>
            <param index="0">
              <value>
                <![CDATA[restricteduser@qw.com]]>
              </value>
            </param>
            <param index="1">
              <value>
                <![CDATA[456789]]>
              </value>
            </param>
          </params>
          <reporter-output>
          </reporter-output>
        </test-method> <!-- basePageNavigation -->
        <test-method status="PASS" signature="teardown()[pri:0, instance:Academy.UdemyE2E.HomePage@77f1baf5]" name="teardown" is-config="true" duration-ms="81" started-at="2021-02-21T22:56:30Z" finished-at="2021-02-21T22:56:30Z">
          <reporter-output>
          </reporter-output>
        </test-method> <!-- teardown -->
      </class> <!-- Academy.UdemyE2E.HomePage -->
    </test> <!-- HomePage -->
  </suite> <!-- Suite -->
</testng-results>
