<?xml version="1.0" encoding="UTF-8"?>
<testsuite xmlns:xsi="http://www.w3.org/2001/XMLSchema-instance" xsi:noNamespaceSchemaLocation="https://maven.apache.org/surefire/maven-surefire-plugin/xsd/surefire-test-report-3.0.xsd" version="3.0" name="TestSuite" time="23.047" tests="4" errors="0" skipped="0" failures="1">
  <properties>
[...]
</properties>
  <testcase name="basePageNavigation" classname="Academy.UdemyE2E.ValidateNavigationBar" time="0.172">
    <system-err><![CDATA[Starting ChromeDriver 87.0.4280.88 (89e2380a3e36c3464b5dd1302349b1382549290d-refs/branch-heads/4280@{#1761}) on port 18914
Only local connections are allowed.
Please see https://chromedriver.chromium.org/security-considerations for suggestions on keeping ChromeDriver safe.
Starting ChromeDriver 87.0.4280.88 (89e2380a3e36c3464b5dd1302349b1382549290d-refs/branch-heads/4280@{#1761}) on port 22223
Only local connections are allowed.
Please see https://chromedriver.chromium.org/security-considerations for suggeCshtrioomenDsr ionv keer ewpasi nstga rtCehd rsoumcceeDsrsfiuvlelry. s
afe.
ChromeDrSitvaerrti ngw Cahsro msetaDrrteid vseurc c8e7s.s0f.u42l80l.y88. (8
9e2380a3e36c3464b5dd1302349b1382549290d-refs/branch-heads/4280@{#1761}) on port 10431
Only local connections are allowed.
Please see https://chromedriver.chromium.org/security-considerations for suggestions on keeping ChromeDriver safe.
ChromeDriver was started successfully.
[1613928371.970][WARNING]: This version of ChromeDriver has not been tested with Chrome version 88.
[1613928371.998][WARNING]: This version of ChromeDriver has not been tested with Chrome version 88.
[1613928372.020][WARNING]: This version of ChromeDriver has not been tested with Chrome version 88.
Feb 21, 2021 10:56:14 PM org.openqa.selenium.remote.ProtocolHandshake createSession
INFO: Detected dialect: W3C
Feb 21, 2021 10:56:14 PM org.openqa.selenium.remote.ProtocolHandshake createSession
INFO: Detected dialect: W3C
Feb 21, 2021 10:56:14 PM org.openqa.selenium.remote.ProtocolHandshake createSession
INFO: Detected dialect: W3C
]]></system-err>
  </testcase>
  <testcase name="basePageNavigation" classname="Academy.UdemyE2E.ValidateTitle" time="0.198">
    <failure message="expected:&lt;...&gt; but was:&lt;...123&gt;" type="junit.framework.ComparisonFailure"><![CDATA[junit.framework.ComparisonFailure: expected:<...> but was:<...123>
	at Academy.UdemyE2E.ValidateTitle.basePageNavigation(ValidateTitle.java:36)
]]></failure>
    <system-out><![CDATA[Featured Courses
]]></system-out>
  </testcase>
  <testcase name="basePageNavigation[nonrestricteduser@qw.com, 123456](1)" classname="Academy.UdemyE2E.HomePage" time="5.371"/>
  <testcase name="basePageNavigation[restricteduser@qw.com, 456789](2)" classname="Academy.UdemyE2E.HomePage" time="4.666"/>
</testsuite>